Build started 2012-06-13 21:39:25.
     1>Project "C:\Users\Mytka\Documents\Visual Studio 2010\Projects\MO_projekt_C\moj_projekt\moj_projekt.vcxproj" on node 2 (build target(s)).
     1>InitializeBuildStatus:
         Creating "Debug\moj_projekt.unsuccessfulbuild" because "AlwaysCreate" was specified.
       ClCompile:
         c:\Program Files (x86)\Microsoft Visual Studio 10.0\VC\bin\CL.exe /c /ZI /nologo /W3 /WX- /Od /Oy- /D WIN32 /D _DEBUG /D _CONSOLE /D _UNICODE /D UNICODE /Gm /EHsc /RTC1 /MDd /GS /fp:precise /Zc:wchar_t /Zc:forScope /Fo"Debug\\" /Fd"Debug\vc100.pdb" /Gd /TP /analyze- /errorReport:prompt main.cpp
         main.cpp
       ManifestResourceCompile:
         All outputs are up-to-date.
       Link:
         c:\Program Files (x86)\Microsoft Visual Studio 10.0\VC\bin\link.exe /ERRORREPORT:PROMPT /OUT:"C:\Users\Mytka\Documents\Visual Studio 2010\Projects\MO_projekt_C\Debug\moj_projekt.exe" /INCREMENTAL /NOLOGO kernel32.lib user32.lib gdi32.lib winspool.lib comdlg32.lib advapi32.lib shell32.lib ole32.lib oleaut32.lib uuid.lib odbc32.lib odbccp32.lib /MANIFEST /ManifestFile:"Debug\moj_projekt.exe.intermediate.manifest" /MANIFESTUAC:"level='asInvoker' uiAccess='false'" /DEBUG /PDB:"C:\Users\Mytka\Documents\Visual Studio 2010\Projects\MO_projekt_C\Debug\moj_projekt.pdb" /SUBSYSTEM:CONSOLE /TLBID:1 /DYNAMICBASE /NXCOMPAT /IMPLIB:"C:\Users\Mytka\Documents\Visual Studio 2010\Projects\MO_projekt_C\Debug\moj_projekt.lib" /MACHINE:X86 Debug\moj_projekt.exe.embed.manifest.res
         Debug\calerf.obj
         Debug\main.obj
         Debug\Projekt_C.obj
         Debug\stdafx.obj
       Manifest:
         C:\Program Files (x86)\Microsoft SDKs\Windows\v7.0A\bin\mt.exe /nologo /verbose /out:"Debug\moj_projekt.exe.embed.manifest" /manifest Debug\moj_projekt.exe.intermediate.manifest
         All outputs are up-to-date.
       LinkEmbedManifest:
         All outputs are up-to-date.
         moj_projekt.vcxproj -> C:\Users\Mytka\Documents\Visual Studio 2010\Projects\MO_projekt_C\Debug\moj_projekt.exe
       FinalizeBuildStatus:
         Deleting file "Debug\moj_projekt.unsuccessfulbuild".
         Touching "Debug\moj_projekt.lastbuildstate".
     1>Done Building Project "C:\Users\Mytka\Documents\Visual Studio 2010\Projects\MO_projekt_C\moj_projekt\moj_projekt.vcxproj" (build target(s)).

Kompilacja powiodła się.

Time Elapsed 00:00:03.58
